<?xml version="1.0" encoding="UTF-8"?>
<robot generator="Robot 7.0.1 (Python 3.12.4 on win32)" generated="2024-07-03T09:18:11.071272" rpa="false" schemaversion="5">
<suite id="s1" name="pythonProject" source="F:\pythonProject">
<suite id="s1-s1" name="Day1" source="F:\pythonProject\day1">
<suite id="s1-s1-s1" name="newRobottest" source="F:\pythonProject\day1\newRobottest.robot">
<test id="s1-s1-s1-t1" name="Validate Facebook Login" line="11">
<kw name="Open Browser" owner="SeleniumLibrary">
<msg time="2024-07-03T09:18:11.381592" level="INFO">Opening browser 'chrome' to base url 'https://www.facebook.com/login/'.</msg>
<arg>${LOGIN_URL}</arg>
<arg>chrome</arg>
<doc>Opens a new browser instance to the optional ``url``.</doc>
<status status="PASS" start="2024-07-03T09:18:11.381592" elapsed="3.956112"/>
</kw>
<kw name="Input Text" owner="SeleniumLibrary">
<msg time="2024-07-03T09:18:15.338752" level="INFO">Typing text 'User' into text field 'id=email'.</msg>
<arg>id=email</arg>
<arg>${USERNAME}</arg>
<doc>Types the given ``text`` into the text field identified by ``locator``.</doc>
<status status="PASS" start="2024-07-03T09:18:15.338752" elapsed="0.158938"/>
</kw>
<kw name="Input Text" owner="SeleniumLibrary">
<msg time="2024-07-03T09:18:15.498632" level="INFO">Typing text 'Password' into text field 'id=pass'.</msg>
<arg>id=pass</arg>
<arg>${PASSWORD}</arg>
<doc>Types the given ``text`` into the text field identified by ``locator``.</doc>
<status status="PASS" start="2024-07-03T09:18:15.498632" elapsed="0.248217"/>
</kw>
<kw name="Click Button" owner="SeleniumLibrary">
<msg time="2024-07-03T09:18:15.747895" level="INFO">Clicking button 'name=login'.</msg>
<arg>name=login</arg>
<doc>Clicks the button identified by ``locator``.</doc>
<status status="PASS" start="2024-07-03T09:18:15.747895" elapsed="0.215112"/>
</kw>
<kw name="Sleep" owner="BuiltIn">
<msg time="2024-07-03T09:18:20.964432" level="INFO">Slept 5 seconds.</msg>
<arg>5</arg>
<doc>Pauses the test executed for the given time.</doc>
<status status="PASS" start="2024-07-03T09:18:15.964003" elapsed="5.000429"/>
</kw>
<kw name="Close Browser" owner="SeleniumLibrary">
<doc>Closes the current browser.</doc>
<status status="PASS" start="2024-07-03T09:18:20.966487" elapsed="2.246129"/>
</kw>
<status status="PASS" start="2024-07-03T09:18:11.380595" elapsed="11.834082"/>
</test>
<status status="PASS" start="2024-07-03T09:18:11.122416" elapsed="12.094768"/>
</suite>
<status status="PASS" start="2024-07-03T09:18:11.120653" elapsed="12.100956"/>
</suite>
<status status="PASS" start="2024-07-03T09:18:11.073268" elapsed="12.152551"/>
</suite>
<statistics>
<total>
<stat pass="1" fail="0" skip="0">All Tests</stat>
</total>
<tag>
</tag>
<suite>
<stat pass="1" fail="0" skip="0" id="s1" name="pythonProject">pythonProject</stat>
<stat pass="1" fail="0" skip="0" id="s1-s1" name="Day1">pythonProject.Day1</stat>
<stat pass="1" fail="0" skip="0" id="s1-s1-s1" name="newRobottest">pythonProject.Day1.newRobottest</stat>
</suite>
</statistics>
<errors>
</errors>
</robot>
